  [1m[35m (238.0ms)[0m  [1m[35mCREATE DATABASE "minesweeper_development" ENCODING = 'unicode'[0m
  [1m[35m (89.9ms)[0m  [1m[35mCREATE DATABASE "minesweeper_test" ENCODING = 'unicode'[0m
  [1m[35m (3.1ms)[0m  [1m[35mCREATE TABLE "schema_migrations" ("version" character varying NOT NULL PRIMARY KEY)[0m
  [1m[35m (3.9ms)[0m  [1m[35mCREATE TABLE "ar_internal_metadata" ("key" character varying NOT NULL PRIMARY KEY, "value" character varying, "created_at" timestamp(6) NOT NULL, "updated_at" timestamp(6) NOT NULL)[0m
  [1m[35m (0.1ms)[0m  [1m[34mSELECT pg_try_advisory_lock(6078851369580306870)[0m
  [1m[35m (0.3ms)[0m  [1m[34mSELECT "schema_migrations"."version" FROM "schema_migrations" ORDER BY "schema_migrations"."version" ASC[0m
Migrating to CreateUsers (20190313014947)
  [1m[35m (0.1ms)[0m  [1m[35mBEGIN[0m
  [1m[35m (7.0ms)[0m  [1m[35mCREATE TABLE "users" ("id" bigserial primary key, "name" character varying, "uuid" uuid NOT NULL, "created_at" timestamp NOT NULL, "updated_at" timestamp NOT NULL)[0m
  [1m[35m (0.5ms)[0m  [1m[35mCREATE UNIQUE INDEX  "index_users_on_uuid" ON "users"  ("uuid")[0m
  [1m[36mprimary::SchemaMigration Create (0.2ms)[0m  [1m[32mINSERT INTO "schema_migrations" ("version") VALUES ($1) RETURNING "version"[0m  [["version", "20190313014947"]]
  [1m[35m (0.4ms)[0m  [1m[35mCOMMIT[0m
Migrating to CreateGames (20190313015003)
  [1m[35m (0.3ms)[0m  [1m[35mBEGIN[0m
  [1m[35m (2.4ms)[0m  [1m[35mCREATE TABLE "games" ("id" bigserial primary key, "end_time" timestamp, "start_time" timestamp NOT NULL, "cells" integer[] DEFAULT '{}', "flagged_cells" integer[] DEFAULT '{}', "opened_cells" integer[] DEFAULT '{}', "status" integer DEFAULT 0 NOT NULL, "rows_size" integer NOT NULL, "columns_size" integer NOT NULL, "mines_amount" integer NOT NULL, "user_id" bigint, "created_at" timestamp NOT NULL, "updated_at" timestamp NOT NULL)[0m
  [1m[35m (0.6ms)[0m  [1m[35mCREATE  INDEX  "index_games_on_user_id" ON "games"  ("user_id")[0m
  [1m[36mprimary::SchemaMigration Create (0.2ms)[0m  [1m[32mINSERT INTO "schema_migrations" ("version") VALUES ($1) RETURNING "version"[0m  [["version", "20190313015003"]]
  [1m[35m (0.3ms)[0m  [1m[35mCOMMIT[0m
  [1m[36mActiveRecord::InternalMetadata Load (0.3ms)[0m  [1m[34mSELECT "ar_internal_metadata".* FROM "ar_internal_metadata" WHERE "ar_internal_metadata"."key" = $1 LIMIT $2[0m  [["key", "environment"], ["LIMIT", 1]]
  [1m[35m (0.3ms)[0m  [1m[35mBEGIN[0m
  [1m[36mActiveRecord::InternalMetadata Create (0.5ms)[0m  [1m[32mINSERT INTO "ar_internal_metadata" ("key", "value", "created_at", "updated_at") VALUES ($1, $2, $3, $4) RETURNING "key"[0m  [["key", "environment"], ["value", "development"], ["created_at", "2020-08-30 00:04:19.142427"], ["updated_at", "2020-08-30 00:04:19.142427"]]
  [1m[35m (0.2ms)[0m  [1m[35mCOMMIT[0m
  [1m[35m (15.7ms)[0m  [1m[34mSELECT pg_advisory_unlock(6078851369580306870)[0m
  [1m[35m (0.7ms)[0m  [1m[34mSELECT "schema_migrations"."version" FROM "schema_migrations" ORDER BY "schema_migrations"."version" ASC[0m
Started POST "/users" for ::1 at 2020-08-29 21:11:27 -0300
  [1m[35m (1.0ms)[0m  [1m[34mSELECT "schema_migrations"."version" FROM "schema_migrations" ORDER BY "schema_migrations"."version" ASC[0m
Processing by UsersController#create as HTML
  Parameters: {"user"=>{"name"=>"Lautaro"}}
  [1m[35m (0.2ms)[0m  [1m[35mBEGIN[0m
  ↳ app/controllers/users_controller.rb:10:in `create'
  [1m[36mUser Exists? (6.7ms)[0m  [1m[34mSELECT 1 AS one FROM "users" WHERE "users"."uuid" = $1 LIMIT $2[0m  [["uuid", "5a51f581-af53-4751-af75-8711d0ac793e"], ["LIMIT", 1]]
  ↳ app/controllers/users_controller.rb:10:in `create'
  [1m[36mUser Create (5.0ms)[0m  [1m[32mINSERT INTO "users" ("name", "uuid", "created_at", "updated_at") VALUES ($1, $2, $3, $4) RETURNING "id"[0m  [["name", "Lautaro"], ["uuid", "5a51f581-af53-4751-af75-8711d0ac793e"], ["created_at", "2020-08-30 00:11:27.292449"], ["updated_at", "2020-08-30 00:11:27.292449"]]
  ↳ app/controllers/users_controller.rb:10:in `create'
  [1m[35m (16.5ms)[0m  [1m[35mCOMMIT[0m
  ↳ app/controllers/users_controller.rb:10:in `create'
[active_model_serializers]   [1m[36mGame Load (1.0ms)[0m  [1m[34mSELECT "games".* FROM "games" WHERE "games"."user_id" = $1[0m  [["user_id", 1]]
[active_model_serializers]   ↳ app/controllers/users_controller.rb:11:in `create'
[active_model_serializers] Rendered UserSerializer with ActiveModelSerializers::Adapter::Attributes (78.9ms)
Completed 200 OK in 177ms (Views: 69.7ms | ActiveRecord: 87.2ms | Allocations: 20055)


Started POST "/games" for ::1 at 2020-08-29 21:11:45 -0300
Processing by GamesController#create as HTML
  Parameters: {"columns_size"=>"10", "rows_size"=>"10", "mines_amount"=>"5", "game"=>{"rows_size"=>"10", "columns_size"=>"10", "mines_amount"=>"5"}}
  [1m[36mUser Load (7.3ms)[0m  [1m[34mSELECT "users".* FROM "users" WHERE "users"."uuid" = $1 LIMIT $2[0m  [["uuid", "5a51f581-af53-4751-af75-8711d0ac793e"], ["LIMIT", 1]]
  ↳ app/controllers/application_controller.rb:7:in `set_user'
  [1m[35m (0.2ms)[0m  [1m[35mBEGIN[0m
  ↳ app/controllers/games_controller.rb:14:in `create'
  [1m[36mGame Create (15.2ms)[0m  [1m[32mINSERT INTO "games" ("start_time", "cells", "rows_size", "columns_size", "mines_amount", "user_id", "created_at", "updated_at") VALUES ($1, $2, $3, $4, $5, $6, $7, $8) RETURNING "id"[0m  [["start_time", "2020-08-30 00:11:45.947331"], ["cells", "{0,0,0,0,1,1,1,0,0,0,0,0,0,0,1,NULL,1,0,0,0,0,0,0,0,1,2,2,1,0,0,0,0,1,1,1,2,NULL,2,0,0,0,0,1,NULL,1,2,NULL,2,0,0,0,0,1,1,1,1,1,1,1,1,0,0,0,0,0,0,0,0,1,NULL,0,0,0,0,0,0,0,0,1,1,0,0,0,0,0,0,0,0,0,0,0,0,0,0,0,0,0,0,0,0}"], ["rows_size", 10], ["columns_size", 10], ["mines_amount", 5], ["user_id", 1], ["created_at", "2020-08-30 00:11:45.949070"], ["updated_at", "2020-08-30 00:11:45.949070"]]
  ↳ app/controllers/games_controller.rb:14:in `create'
  [1m[35m (0.3ms)[0m  [1m[35mCOMMIT[0m
  ↳ app/controllers/games_controller.rb:14:in `create'
[active_model_serializers] Rendered GameSerializer with ActiveModelSerializers::Adapter::Attributes (0.72ms)
Completed 200 OK in 69ms (Views: 2.6ms | ActiveRecord: 24.3ms | Allocations: 12597)


Started GET "/games/1" for ::1 at 2020-08-29 21:11:45 -0300
Processing by GamesController#show as HTML
  Parameters: {"id"=>"1"}
  [1m[36mUser Load (0.6ms)[0m  [1m[34mSELECT "users".* FROM "users" WHERE "users"."uuid" = $1 LIMIT $2[0m  [["uuid", "5a51f581-af53-4751-af75-8711d0ac793e"], ["LIMIT", 1]]
  ↳ app/controllers/application_controller.rb:7:in `set_user'
  [1m[36mGame Load (0.3ms)[0m  [1m[34mSELECT "games".* FROM "games" WHERE "games"."user_id" = $1 AND "games"."id" = $2 LIMIT $3[0m  [["user_id", 1], ["id", 1], ["LIMIT", 1]]
  ↳ app/controllers/games_controller.rb:53:in `set_game'
[active_model_serializers] Rendered GameSerializer with ActiveModelSerializers::Adapter::Attributes (0.89ms)
Completed 200 OK in 6ms (Views: 1.8ms | ActiveRecord: 0.9ms | Allocations: 1790)


Started GET "/" for ::1 at 2020-08-29 21:12:00 -0300
Processing by Rails::WelcomeController#index as HTML
  Rendering /Users/lautarobertuzzi/.rvm/gems/ruby-2.7.1/gems/railties-6.0.3.2/lib/rails/templates/rails/welcome/index.html.erb
  Rendered /Users/lautarobertuzzi/.rvm/gems/ruby-2.7.1/gems/railties-6.0.3.2/lib/rails/templates/rails/welcome/index.html.erb (Duration: 7.3ms | Allocations: 406)
Completed 200 OK in 18ms (Views: 13.4ms | ActiveRecord: 0.0ms | Allocations: 2198)


Started GET "/favicon.ico" for ::1 at 2020-08-29 21:12:00 -0300
  
ActionController::RoutingError (No route matches [GET] "/favicon.ico"):
  
actionpack (6.0.3.2) lib/action_dispatch/middleware/debug_exceptions.rb:36:in `call'
actionpack (6.0.3.2) lib/action_dispatch/middleware/show_exceptions.rb:33:in `call'
railties (6.0.3.2) lib/rails/rack/logger.rb:37:in `call_app'
railties (6.0.3.2) lib/rails/rack/logger.rb:26:in `block in call'
activesupport (6.0.3.2) lib/active_support/tagged_logging.rb:80:in `block in tagged'
activesupport (6.0.3.2) lib/active_support/tagged_logging.rb:28:in `tagged'
activesupport (6.0.3.2) lib/active_support/tagged_logging.rb:80:in `tagged'
railties (6.0.3.2) lib/rails/rack/logger.rb:26:in `call'
actionpack (6.0.3.2) lib/action_dispatch/middleware/remote_ip.rb:81:in `call'
actionpack (6.0.3.2) lib/action_dispatch/middleware/request_id.rb:27:in `call'
rack (2.2.3) lib/rack/runtime.rb:22:in `call'
activesupport (6.0.3.2) lib/active_support/cache/strategy/local_cache_middleware.rb:29:in `call'
actionpack (6.0.3.2) lib/action_dispatch/middleware/executor.rb:14:in `call'
actionpack (6.0.3.2) lib/action_dispatch/middleware/static.rb:126:in `call'
rack (2.2.3) lib/rack/sendfile.rb:110:in `call'
actionpack (6.0.3.2) lib/action_dispatch/middleware/host_authorization.rb:82:in `call'
rack-cors (1.1.1) lib/rack/cors.rb:100:in `call'
railties (6.0.3.2) lib/rails/engine.rb:527:in `call'
puma (3.12.6) lib/puma/configuration.rb:227:in `call'
puma (3.12.6) lib/puma/server.rb:706:in `handle_request'
puma (3.12.6) lib/puma/server.rb:476:in `process_client'
puma (3.12.6) lib/puma/server.rb:334:in `block in run'
puma (3.12.6) lib/puma/thread_pool.rb:135:in `block in spawn_thread'
Started GET "/" for ::1 at 2020-08-29 21:12:04 -0300
Processing by Rails::WelcomeController#index as HTML
  Rendering /Users/lautarobertuzzi/.rvm/gems/ruby-2.7.1/gems/railties-6.0.3.2/lib/rails/templates/rails/welcome/index.html.erb
  Rendered /Users/lautarobertuzzi/.rvm/gems/ruby-2.7.1/gems/railties-6.0.3.2/lib/rails/templates/rails/welcome/index.html.erb (Duration: 6.7ms | Allocations: 179)
Completed 200 OK in 9ms (Views: 7.9ms | ActiveRecord: 0.0ms | Allocations: 701)


Started GET "/" for ::1 at 2020-08-29 21:14:32 -0300
  [1m[35m (0.7ms)[0m  [1m[34mSELECT "schema_migrations"."version" FROM "schema_migrations" ORDER BY "schema_migrations"."version" ASC[0m
Processing by Rails::WelcomeController#index as HTML
  Rendering /Users/lautarobertuzzi/.rvm/gems/ruby-2.7.1/gems/railties-6.0.3.2/lib/rails/templates/rails/welcome/index.html.erb
  Rendered /Users/lautarobertuzzi/.rvm/gems/ruby-2.7.1/gems/railties-6.0.3.2/lib/rails/templates/rails/welcome/index.html.erb (Duration: 9.1ms | Allocations: 292)
Completed 200 OK in 15ms (Views: 12.1ms | ActiveRecord: 0.0ms | Allocations: 1485)


Started POST "/users" for ::1 at 2020-08-29 21:15:03 -0300
Processing by UsersController#create as HTML
  Parameters: {"user"=>{"name"=>"Tim"}}
  [1m[35m (0.2ms)[0m  [1m[35mBEGIN[0m
  ↳ app/controllers/users_controller.rb:10:in `create'
  [1m[36mUser Exists? (0.9ms)[0m  [1m[34mSELECT 1 AS one FROM "users" WHERE "users"."uuid" = $1 LIMIT $2[0m  [["uuid", "4a60f093-949e-4514-ae70-be4a2fa04c2b"], ["LIMIT", 1]]
  ↳ app/controllers/users_controller.rb:10:in `create'
  [1m[36mUser Create (1.0ms)[0m  [1m[32mINSERT INTO "users" ("name", "uuid", "created_at", "updated_at") VALUES ($1, $2, $3, $4) RETURNING "id"[0m  [["name", "Tim"], ["uuid", "4a60f093-949e-4514-ae70-be4a2fa04c2b"], ["created_at", "2020-08-30 00:15:03.214554"], ["updated_at", "2020-08-30 00:15:03.214554"]]
  ↳ app/controllers/users_controller.rb:10:in `create'
  [1m[35m (1.5ms)[0m  [1m[35mCOMMIT[0m
  ↳ app/controllers/users_controller.rb:10:in `create'
[active_model_serializers]   [1m[36mGame Load (0.4ms)[0m  [1m[34mSELECT "games".* FROM "games" WHERE "games"."user_id" = $1[0m  [["user_id", 2]]
[active_model_serializers]   ↳ app/controllers/users_controller.rb:11:in `create'
[active_model_serializers] Rendered UserSerializer with ActiveModelSerializers::Adapter::Attributes (18.67ms)
Completed 200 OK in 58ms (Views: 30.4ms | ActiveRecord: 9.5ms | Allocations: 15995)


Started POST "/games" for ::1 at 2020-08-29 21:15:16 -0300
Processing by GamesController#create as HTML
  Parameters: {"columns_size"=>"20", "rows_size"=>"20", "mines_amount"=>"10", "game"=>{"rows_size"=>"20", "columns_size"=>"20", "mines_amount"=>"10"}}
  [1m[36mUser Load (0.2ms)[0m  [1m[34mSELECT "users".* FROM "users" WHERE "users"."uuid" = $1 LIMIT $2[0m  [["uuid", "4a60f093-949e-4514-ae70-be4a2fa04c2b"], ["LIMIT", 1]]
  ↳ app/controllers/application_controller.rb:7:in `set_user'
  [1m[35m (9.5ms)[0m  [1m[35mBEGIN[0m
  ↳ app/controllers/games_controller.rb:14:in `create'
  [1m[36mGame Create (0.3ms)[0m  [1m[32mINSERT INTO "games" ("start_time", "cells", "rows_size", "columns_size", "mines_amount", "user_id", "created_at", "updated_at") VALUES ($1, $2, $3, $4, $5, $6, $7, $8) RETURNING "id"[0m  [["start_time", "2020-08-30 00:15:16.173274"], ["cells", "{0,0,0,0,0,0,0,0,0,0,0,0,0,0,1,NULL,1,0,0,0,0,1,1,1,1,1,1,0,0,0,0,0,0,0,1,1,1,0,0,0,0,1,NULL,1,1,NULL,1,0,0,0,0,0,0,0,0,0,0,0,0,0,0,1,1,1,1,1,1,0,0,0,0,0,0,0,0,0,0,0,0,0,0,0,0,0,0,0,0,0,0,0,0,0,0,0,0,0,0,0,0,0,1,1,1,0,0,0,0,0,0,0,0,0,0,1,1,1,0,1,1,1,1,NULL,1,0,0,1,1,1,0,0,0,0,0,1,NULL,1,0,1,NULL,1,1,1,1,0,0,1,NULL,1,1,1,1,0,0,1,1,1,0,1,1,1,0,0,0,0,0,1,1,1,1,NULL,1,0,0,0,0,0,0,0,0,0,0,0,0,0,0,0,0,0,1,1,1,0,0,0,0,0,0,0,0,0,0,0,0,0,0,0,0,0,0,0,0,0,0,0,0,0,0,0,0,0,0,0,1,1,1,0,0,0,0,0,0,0,0,0,0,0,0,0,0,0,0,0,1,NULL,1,0,0,0,0,0,0,0,0,0,0,0,0,0,0,0,0,0,1,1,1,0,0,0,0,0,0,0,0,0,0,0,0,0,0,0,0,0,0,0,0,0,0,0,0,0,0,0,0,0,0,0,0,0,0,0,0,0,0,0,0,0,0,0,0,0,0,0,0,0,0,0,0,0,0,0,0,0,0,0,0,0,0,0,0,0,0,0,0,0,0,0,0,0,0,0,0,0,0,0,0,0,0,0,0,0,0,0,0,0,0,0,0,0,1,1,0,0,0,0,0,0,0,0,0,0,0,0,0,0,0,0,0,0,1,NULL,0,0,0,0,0,0,0,0,0,0,0,0,0,0,0,0,0,0,1,1}"], ["rows_size", 20], ["columns_size", 20], ["mines_amount", 10], ["user_id", 2], ["created_at", "2020-08-30 00:15:16.173783"], ["updated_at", "2020-08-30 00:15:16.173783"]]
  ↳ app/controllers/games_controller.rb:14:in `create'
  [1m[35m (0.3ms)[0m  [1m[35mCOMMIT[0m
  ↳ app/controllers/games_controller.rb:14:in `create'
[active_model_serializers] Rendered GameSerializer with ActiveModelSerializers::Adapter::Attributes (0.75ms)
Completed 200 OK in 36ms (Views: 2.6ms | ActiveRecord: 11.6ms | Allocations: 12967)


Started GET "/games/2" for ::1 at 2020-08-29 21:15:16 -0300
Processing by GamesController#show as HTML
  Parameters: {"id"=>"2"}
  [1m[36mUser Load (0.3ms)[0m  [1m[34mSELECT "users".* FROM "users" WHERE "users"."uuid" = $1 LIMIT $2[0m  [["uuid", "4a60f093-949e-4514-ae70-be4a2fa04c2b"], ["LIMIT", 1]]
  ↳ app/controllers/application_controller.rb:7:in `set_user'
  [1m[36mGame Load (0.3ms)[0m  [1m[34mSELECT "games".* FROM "games" WHERE "games"."user_id" = $1 AND "games"."id" = $2 LIMIT $3[0m  [["user_id", 2], ["id", 2], ["LIMIT", 1]]
  ↳ app/controllers/games_controller.rb:53:in `set_game'
[active_model_serializers] Rendered GameSerializer with ActiveModelSerializers::Adapter::Attributes (0.81ms)
Completed 200 OK in 7ms (Views: 1.4ms | ActiveRecord: 0.7ms | Allocations: 1790)


Started GET "/users/current" for ::1 at 2020-08-29 21:15:18 -0300
Processing by UsersController#show as HTML
  Parameters: {"id"=>"current"}
  [1m[36mUser Load (0.2ms)[0m  [1m[34mSELECT "users".* FROM "users" WHERE "users"."uuid" = $1 LIMIT $2[0m  [["uuid", "4a60f093-949e-4514-ae70-be4a2fa04c2b"], ["LIMIT", 1]]
  ↳ app/controllers/application_controller.rb:7:in `set_user'
[active_model_serializers]   [1m[36mGame Load (0.2ms)[0m  [1m[34mSELECT "games".* FROM "games" WHERE "games"."user_id" = $1[0m  [["user_id", 2]]
[active_model_serializers]   ↳ app/controllers/users_controller.rb:5:in `show'
[active_model_serializers] Rendered UserSerializer with ActiveModelSerializers::Adapter::Attributes (2.65ms)
Completed 200 OK in 4ms (Views: 2.8ms | ActiveRecord: 0.4ms | Allocations: 2632)


